<?xml version='1.0' encoding='UTF-8'?>
<testsuite hostname="Srikanths-MacBook-Pro.local" name="TicketSpec" tests="5" errors="1" failures="2" time="0.721">
                     <properties>
[...]
</properties>
                     <testcase classname="TicketSpec" name="Application should::render the list all tickets page" time="0.349">
                                                 
                                               </testcase><testcase classname="TicketSpec" name="Application should::render the book a ticket" time="0.106">
                                                 
                                               </testcase><testcase classname="TicketSpec" name="Application should::work from within a browser2" time="0.113">
                                                 <failure message="'&lt;?xml version=&quot;1.0&quot; encoding=&quot;UTF-8&quot;?&gt;
&lt;html&gt;
  &lt;head/&gt;
  &lt;body&gt;
    &lt;h1&gt;
      Welcome
    &lt;/h1&gt;
    &lt;table border=&quot;1&quot;&gt;
      &lt;tbody&gt;
        &lt;tr&gt;
          &lt;th&gt;
             Ticket Id
          &lt;/th&gt;
          &lt;th&gt;
             Movie Name
          &lt;/th&gt;
          &lt;th&gt;
             Person
          &lt;/th&gt;
          &lt;th&gt;
             Quantity
          &lt;/th&gt;
          &lt;th&gt;
             Action 
          &lt;/th&gt;
        &lt;/tr&gt;
      &lt;/tbody&gt;
    &lt;/table&gt;
  &lt;/body&gt;
&lt;/html&gt;
' doesn't contain 'Batman'" type="sbt.ForkMain$ForkError">sbt.ForkMain$ForkError: '&lt;?xml version=&quot;1.0&quot; encoding=&quot;UTF-8&quot;?&gt;
&lt;html&gt;
  &lt;head/&gt;
  &lt;body&gt;
    &lt;h1&gt;
      Welcome
    &lt;/h1&gt;
    &lt;table border=&quot;1&quot;&gt;
      &lt;tbody&gt;
        &lt;tr&gt;
          &lt;th&gt;
             Ticket Id
          &lt;/th&gt;
          &lt;th&gt;
             Movie Name
          &lt;/th&gt;
          &lt;th&gt;
             Person
          &lt;/th&gt;
          &lt;th&gt;
             Quantity
          &lt;/th&gt;
          &lt;th&gt;
             Action 
          &lt;/th&gt;
        &lt;/tr&gt;
      &lt;/tbody&gt;
    &lt;/table&gt;
  &lt;/body&gt;
&lt;/html&gt;
' doesn't contain 'Batman'
	at TicketSpec$$anonfun$7$$anonfun$apply$9$$anon$3.delayedEndpoint$TicketSpec$$anonfun$7$$anonfun$apply$9$$anon$3$1(TicketSpec.scala:65)
	at TicketSpec$$anonfun$7$$anonfun$apply$9$$anon$3$delayedInit$body.apply(TicketSpec.scala:61)
	at play.api.test.WithBrowser$$anonfun$around$4.apply(Specs.scala:89)
	at play.api.test.WithBrowser$$anonfun$around$4.apply(Specs.scala:89)
	at play.api.test.PlayRunners$class.running(Helpers.scala:56)
	at play.api.test.Helpers$.running(Helpers.scala:363)
	at play.api.test.WithBrowser.around(Specs.scala:89)
	at play.api.test.WithBrowser.delayedInit(Specs.scala:72)
	at TicketSpec$$anonfun$7$$anonfun$apply$9$$anon$3.&lt;init&gt;(TicketSpec.scala:61)
	at TicketSpec$$anonfun$7$$anonfun$apply$9.apply(TicketSpec.scala:61)
	at TicketSpec$$anonfun$7$$anonfun$apply$9.apply(TicketSpec.scala:61)
</failure>
                                               </testcase><testcase classname="TicketSpec" name="POST createGroup with JSON should::create a group and return a message" time="0.064">
                                                 <error type="sbt.ForkMain$ForkError">sbt.ForkMain$ForkError
	at TicketSpec$$anonfun$13$$anonfun$apply$10$$anonfun$apply$11.apply(TicketSpec.scala:78)
	at TicketSpec$$anonfun$13$$anonfun$apply$10$$anonfun$apply$11.apply(TicketSpec.scala:73)
	at play.api.test.PlayRunners$class.running(Helpers.scala:42)
	at play.api.test.Helpers$.running(Helpers.scala:363)
	at TicketSpec$$anonfun$13$$anonfun$apply$10.apply(TicketSpec.scala:73)
	at TicketSpec$$anonfun$13$$anonfun$apply$10.apply(TicketSpec.scala:71)
</error>
                                               </testcase><testcase classname="TicketSpec" name="POST createGroup with JSON should::work from within a browser3" time="0.089">
                                                 <failure message="'&lt;?xml version=&quot;1.0&quot; encoding=&quot;UTF-8&quot;?&gt;
&lt;html&gt;
  &lt;head/&gt;
  &lt;body&gt;
    &lt;h1&gt;
      Welcome
    &lt;/h1&gt;
    &lt;table border=&quot;1&quot;&gt;
      &lt;tbody&gt;
        &lt;tr&gt;
          &lt;th&gt;
             Ticket Id
          &lt;/th&gt;
          &lt;th&gt;
             Movie Name
          &lt;/th&gt;
          &lt;th&gt;
             Person
          &lt;/th&gt;
          &lt;th&gt;
             Quantity
          &lt;/th&gt;
          &lt;th&gt;
             Action 
          &lt;/th&gt;
        &lt;/tr&gt;
      &lt;/tbody&gt;
    &lt;/table&gt;
  &lt;/body&gt;
&lt;/html&gt;
' doesn't contain 'Batman'" type="sbt.ForkMain$ForkError">sbt.ForkMain$ForkError: '&lt;?xml version=&quot;1.0&quot; encoding=&quot;UTF-8&quot;?&gt;
&lt;html&gt;
  &lt;head/&gt;
  &lt;body&gt;
    &lt;h1&gt;
      Welcome
    &lt;/h1&gt;
    &lt;table border=&quot;1&quot;&gt;
      &lt;tbody&gt;
        &lt;tr&gt;
          &lt;th&gt;
             Ticket Id
          &lt;/th&gt;
          &lt;th&gt;
             Movie Name
          &lt;/th&gt;
          &lt;th&gt;
             Person
          &lt;/th&gt;
          &lt;th&gt;
             Quantity
          &lt;/th&gt;
          &lt;th&gt;
             Action 
          &lt;/th&gt;
        &lt;/tr&gt;
      &lt;/tbody&gt;
    &lt;/table&gt;
  &lt;/body&gt;
&lt;/html&gt;
' doesn't contain 'Batman'
	at TicketSpec$$anonfun$13$$anonfun$apply$18$$anon$4.delayedEndpoint$TicketSpec$$anonfun$13$$anonfun$apply$18$$anon$4$1(TicketSpec.scala:95)
	at TicketSpec$$anonfun$13$$anonfun$apply$18$$anon$4$delayedInit$body.apply(TicketSpec.scala:91)
	at play.api.test.WithBrowser$$anonfun$around$4.apply(Specs.scala:89)
	at play.api.test.WithBrowser$$anonfun$around$4.apply(Specs.scala:89)
	at play.api.test.PlayRunners$class.running(Helpers.scala:56)
	at play.api.test.Helpers$.running(Helpers.scala:363)
	at play.api.test.WithBrowser.around(Specs.scala:89)
	at play.api.test.WithBrowser.delayedInit(Specs.scala:72)
	at TicketSpec$$anonfun$13$$anonfun$apply$18$$anon$4.&lt;init&gt;(TicketSpec.scala:91)
	at TicketSpec$$anonfun$13$$anonfun$apply$18.apply(TicketSpec.scala:91)
	at TicketSpec$$anonfun$13$$anonfun$apply$18.apply(TicketSpec.scala:91)
</failure>
                                               </testcase>
                     <system-out></system-out>
                     <system-err></system-err>
                   </testsuite>